{"uid":"306fdad409b5253b","name":"testTableHasContent()","fullName":"Sampler.BasicFeatures.BasicFeaturesTest.testTableHasContent","historyId":"121f8e035f0f3da24868b502c9992477","time":{"start":1764961340168,"stop":1764961353869,"duration":13701},"description":"Valida que grid tem conteúdo de filmes","descriptionHtml":"<p>Valida que grid tem conteúdo de filmes</p>\n","status":"failed","statusMessage":"Element not found {div[role='grid']}\r\nExpected: exist\r\nScreenshot: file:/C:/Users/edpre/Downloads/VideoStore_Refactoring/Testes_Selenium1/build/reports/tests/1764961353716.0.png\r\nPage source: file:/C:/Users/edpre/Downloads/VideoStore_Refactoring/Testes_Selenium1/build/reports/tests/1764961353716.0.html\r\nTimeout: 10 s.\r\nCaused by: NoSuchElementException: no such element: Unable to locate element: {\"method\":\"css selector\",\"selector\":\"div[role='grid']\"}","statusTrace":"Element not found {div[role='grid']}\r\nExpected: exist\r\nScreenshot: file:/C:/Users/edpre/Downloads/VideoStore_Refactoring/Testes_Selenium1/build/reports/tests/1764961353716.0.png\r\nPage source: file:/C:/Users/edpre/Downloads/VideoStore_Refactoring/Testes_Selenium1/build/reports/tests/1764961353716.0.html\r\nTimeout: 10 s.\r\nCaused by: NoSuchElementException: no such element: Unable to locate element: {\"method\":\"css selector\",\"selector\":\"div[role='grid']\"}\r\n\tat com.codeborne.selenide.impl.WebElementSource.createElementNotFoundError(WebElementSource.java:68)\r\n\tat com.codeborne.selenide.impl.ElementFinder.createElementNotFoundError(ElementFinder.java:117)\r\n\tat com.codeborne.selenide.impl.ExceptionWrapper.wrap(ExceptionWrapper.java:25)\r\n\tat com.codeborne.selenide.impl.SelenideElementProxy.dispatchAndRetry(SelenideElementProxy.java:153)\r\n\tat com.codeborne.selenide.impl.SelenideElementProxy.invoke(SelenideElementProxy.java:83)\r\n\tat jdk.proxy1/jdk.proxy1.$Proxy15.getText(Unknown Source)\r\n\tat Sampler.BasicFeatures.BasicFeaturesPage.getTableContent(BasicFeaturesPage.java:22)\r\n\tat Sampler.BasicFeatures.BasicFeaturesTest.testTableHasContent(BasicFeaturesTest.java:70)\r\n\tat java.base/java.lang.reflect.Method.invoke(Method.java:580)\r\n\tat java.base/java.util.ArrayList.forEach(ArrayList.java:1596)\r\n\tat java.base/java.util.ArrayList.forEach(ArrayList.java:1596)\r\nCaused by: org.openqa.selenium.NoSuchElementException: no such element: Unable to locate element: {\"method\":\"css selector\",\"selector\":\"div[role='grid']\"}\n  (Session info: chrome=142.0.7444.176)\nFor documentation on this error, please visit: https://www.selenium.dev/documentation/webdriver/troubleshooting/errors#no-such-element-exception\nBuild info: version: '4.26.0', revision: '8ccf0219d7'\nSystem info: os.name: 'Windows 11', os.arch: 'amd64', os.version: '10.0', java.version: '21.0.5'\nDriver info: org.openqa.selenium.chrome.ChromeDriver\nCommand: [1ecac3acf0c826bcd567575c062ba22b, findElement {value=div[role='grid'], using=css selector}]\nCapabilities {acceptInsecureCerts: true, browserName: chrome, browserVersion: 142.0.7444.176, chrome: {chromedriverVersion: 142.0.7444.175 (302067f14a4..., userDataDir: C:\\Users\\edpre\\AppData\\Loca...}, fedcm:accounts: true, goog:chromeOptions: {debuggerAddress: localhost:54555}, goog:processID: 24900, networkConnectionEnabled: false, pageLoadStrategy: normal, platformName: windows, proxy: Proxy(), se:cdp: ws://localhost:54555/devtoo..., se:cdpVersion: 142.0.7444.176, setWindowRect: true, strictFileInteractability: false, timeouts: {implicit: 0, pageLoad: 300000, script: 30000}, unhandledPromptBehavior: accept, webauthn:extension:credBlob: true, webauthn:extension:largeBlob: true, webauthn:extension:minPinLength: true, webauthn:extension:prf: true, webauthn:virtualAuthenticators: true}\nSession ID: 1ecac3acf0c826bcd567575c062ba22b\r\n\tat java.base/jdk.internal.reflect.DirectConstructorHandleAccessor.newInstance(DirectConstructorHandleAccessor.java:62)\r\n\tat java.base/java.lang.reflect.Constructor.newInstanceWithCaller(Constructor.java:502)\r\n\tat java.base/java.lang.reflect.Constructor.newInstance(Constructor.java:486)\r\n\tat org.openqa.selenium.remote.ErrorCodec.decode(ErrorCodec.java:167)\r\n\tat org.openqa.selenium.remote.codec.w3c.W3CHttpResponseCodec.decode(W3CHttpResponseCodec.java:138)\r\n\tat org.openqa.selenium.remote.codec.w3c.W3CHttpResponseCodec.decode(W3CHttpResponseCodec.java:50)\r\n\tat org.openqa.selenium.remote.HttpCommandExecutor.execute(HttpCommandExecutor.java:190)\r\n\tat org.openqa.selenium.remote.service.DriverCommandExecutor.invokeExecute(DriverCommandExecutor.java:216)\r\n\tat org.openqa.selenium.remote.service.DriverCommandExecutor.execute(DriverCommandExecutor.java:174)\r\n\tat org.openqa.selenium.remote.RemoteWebDriver.execute(RemoteWebDriver.java:545)\r\n\tat org.openqa.selenium.remote.ElementLocation$ElementFinder$2.findElement(ElementLocation.java:165)\r\n\tat org.openqa.selenium.remote.ElementLocation.findElement(ElementLocation.java:59)\r\n\tat org.openqa.selenium.remote.RemoteWebDriver.findElement(RemoteWebDriver.java:368)\r\n\tat org.openqa.selenium.remote.RemoteWebDriver.findElement(RemoteWebDriver.java:362)\r\n\tat com.codeborne.selenide.impl.WebElementSelector.findElement(WebElementSelector.java:64)\r\n\tat com.codeborne.selenide.impl.WebElementSelector.findElement(WebElementSelector.java:39)\r\n\tat com.codeborne.selenide.impl.WebElementSelector.findElement(WebElementSelector.java:30)\r\n\tat com.codeborne.selenide.impl.ElementFinder.getWebElement(ElementFinder.java:101)\r\n\tat com.codeborne.selenide.commands.GetText.execute(GetText.java:22)\r\n\tat com.codeborne.selenide.commands.GetText.execute(GetText.java:9)\r\n\tat com.codeborne.selenide.commands.Commands.execute(Commands.java:159)\r\n\tat com.codeborne.selenide.impl.SelenideElementProxy.dispatchAndRetry(SelenideElementProxy.java:131)\r\n\t... 7 more\r\n","flaky":false,"newFailed":false,"newBroken":false,"newPassed":false,"retriesCount":1,"retriesStatusChange":false,"beforeStages":[],"afterStages":[],"labels":[{"name":"junit.platform.uniqueid","value":"[engine:junit-jupiter]/[class:Sampler.BasicFeatures.BasicFeaturesTest]/[method:testTableHasContent()]"},{"name":"feature","value":"Vaadin Database Example - Basic Features"},{"name":"story","value":"Conteúdo da tabela"},{"name":"host","value":"LAPTOP-V6QT5SHG"},{"name":"thread","value":"12348@LAPTOP-V6QT5SHG.main(1)"},{"name":"framework","value":"junit-platform"},{"name":"language","value":"java"},{"name":"package","value":"Sampler.BasicFeatures.BasicFeaturesTest"},{"name":"testClass","value":"Sampler.BasicFeatures.BasicFeaturesTest"},{"name":"testMethod","value":"testTableHasContent"},{"name":"suite","value":"Sampler.BasicFeatures.BasicFeaturesTest"},{"name":"resultFormat","value":"allure2"}],"parameters":[],"links":[],"hidden":false,"retry":false,"extra":{"severity":"normal","retries":[{"uid":"7f780ac17e2fb1d","status":"failed","statusDetails":"Element not found {table}\r\nExpected: exist\r\nScreenshot: file:/C:/Users/edpre/Downloads/VideoStore_Refactoring/Testes_Selenium1/build/reports/tests/1764961217178.0.png\r\nPage source: file:/C:/Users/edpre/Downloads/VideoStore_Refactoring/Testes_Selenium1/build/reports/tests/1764961217178.0.html\r\nTimeout: 10 s.\r\nCaused by: NoSuchElementException: no such element: Unable to locate element: {\"method\":\"css selector\",\"selector\":\"table\"}","time":{"start":1764961201240,"stop":1764961217376,"duration":16136}}],"categories":[{"name":"Product defects","matchedStatuses":[]}],"tags":[]},"source":"306fdad409b5253b.json","parameterValues":[]}